<?xml version="1.0" encoding="UTF-8"?>
<testsuite xmlns:xsi="http://www.w3.org/2001/XMLSchema-instance" xsi:noNamespaceSchemaLocation="https://maven.apache.org/surefire/maven-surefire-plugin/xsd/surefire-test-report-3.0.xsd" version="3.0" name="fr.formation.services.CalculTest" time="20.398" tests="4" errors="0" skipped="0" failures="0">
  <properties>
[...]
</properties>
  <testcase name="repetition 1 of 3(Test de la méthode somme" classname="...)" time="17.739">
    <system-out><![CDATA[*** TEST DETAILS ***
*** Nom du test *** : repetition 1 of 3
*** Nom de la méthode *** : testSomme
*** REPETITION DETAILS ***
*** Répétition courante *** : 1
*** Répétitions totales *** : 3
]]></system-out>
  </testcase>
  <testcase name="repetition 2 of 3(Test de la méthode somme" classname="...)" time="1.027">
    <system-out><![CDATA[*** TEST DETAILS ***
*** Nom du test *** : repetition 2 of 3
*** Nom de la méthode *** : testSomme
*** REPETITION DETAILS ***
*** Répétition courante *** : 2
*** Répétitions totales *** : 3
]]></system-out>
  </testcase>
  <testcase name="repetition 3 of 3(Test de la méthode somme" classname="...)" time="0.337">
    <system-out><![CDATA[*** TEST DETAILS ***
*** Nom du test *** : repetition 3 of 3
*** Nom de la méthode *** : testSomme
*** REPETITION DETAILS ***
*** Répétition courante *** : 3
*** Répétitions totales *** : 3
]]></system-out>
  </testcase>
  <testcase name="Test de la méthode division(...)" classname="CalculTest" time="0.12">
    <system-out><![CDATA[*** TEST DETAILS ***
*** Nom du test *** : Test de la méthode division(...)
*** Nom de la méthode *** : testDivision
]]></system-out>
  </testcase>
</testsuite>